2020-05-18 12:39:01,218 0      [           main] DEBUG s.generator.logging.LogFactory  - Logging initialized using 'org.mybatis.generator.logging.slf4j.Slf4jLoggingLogFactory@d9345cd' adapter.
2020-05-18 12:39:01,223 5      [           main] DEBUG ternal.db.DatabaseIntrospector  - Retrieving column information for table "t_blog"
2020-05-18 12:39:01,548 330    [           main] DEBUG ternal.db.DatabaseIntrospector  - Found column "id", data type 4, in table "blog..t_blog"
2020-05-18 12:39:01,549 331    [           main] DEBUG ternal.db.DatabaseIntrospector  - Found column "title", data type 12, in table "blog..t_blog"
2020-05-18 12:39:01,549 331    [           main] DEBUG ternal.db.DatabaseIntrospector  - Found column "summary", data type 12, in table "blog..t_blog"
2020-05-18 12:39:01,628 410    [           main] DEBUG ternal.db.DatabaseIntrospector  - Found column "releaseDate", data type 93, in table "blog..t_blog"
2020-05-18 12:39:01,628 410    [           main] DEBUG ternal.db.DatabaseIntrospector  - Found column "clickHit", data type 4, in table "blog..t_blog"
2020-05-18 12:39:01,629 411    [           main] DEBUG ternal.db.DatabaseIntrospector  - Found column "replyHit", data type 4, in table "blog..t_blog"
2020-05-18 12:39:01,629 411    [           main] DEBUG ternal.db.DatabaseIntrospector  - Found column "content", data type -1, in table "blog..t_blog"
2020-05-18 12:39:01,629 411    [           main] DEBUG ternal.db.DatabaseIntrospector  - Found column "keyWord", data type 12, in table "blog..t_blog"
2020-05-18 12:39:01,630 412    [           main] DEBUG ternal.db.DatabaseIntrospector  - Found column "type_id", data type 4, in table "blog..t_blog"
2020-05-18 12:39:01,660 442    [           main] DEBUG ternal.db.DatabaseIntrospector  - Retrieving column information for table "t_blogger"
2020-05-18 12:39:01,667 449    [           main] DEBUG ternal.db.DatabaseIntrospector  - Found column "id", data type 4, in table "blog..t_blogger"
2020-05-18 12:39:01,667 449    [           main] DEBUG ternal.db.DatabaseIntrospector  - Found column "username", data type 12, in table "blog..t_blogger"
2020-05-18 12:39:01,668 450    [           main] DEBUG ternal.db.DatabaseIntrospector  - Found column "password", data type 12, in table "blog..t_blogger"
2020-05-18 12:39:01,668 450    [           main] DEBUG ternal.db.DatabaseIntrospector  - Found column "profile", data type -1, in table "blog..t_blogger"
2020-05-18 12:39:01,668 450    [           main] DEBUG ternal.db.DatabaseIntrospector  - Found column "nickname", data type 12, in table "blog..t_blogger"
2020-05-18 12:39:01,669 451    [           main] DEBUG ternal.db.DatabaseIntrospector  - Found column "sign", data type 12, in table "blog..t_blogger"
2020-05-18 12:39:01,670 452    [           main] DEBUG ternal.db.DatabaseIntrospector  - Found column "imagename", data type 12, in table "blog..t_blogger"
2020-05-18 12:39:01,677 459    [           main] DEBUG ternal.db.DatabaseIntrospector  - Retrieving column information for table "t_blogtype"
2020-05-18 12:39:01,683 465    [           main] DEBUG ternal.db.DatabaseIntrospector  - Found column "id", data type 4, in table "blog..t_blogtype"
2020-05-18 12:39:01,683 465    [           main] DEBUG ternal.db.DatabaseIntrospector  - Found column "typeName", data type 12, in table "blog..t_blogtype"
2020-05-18 12:39:01,683 465    [           main] DEBUG ternal.db.DatabaseIntrospector  - Found column "orderNum", data type 4, in table "blog..t_blogtype"
2020-05-18 12:39:01,691 473    [           main] DEBUG ternal.db.DatabaseIntrospector  - Retrieving column information for table "t_comment"
2020-05-18 12:39:01,698 480    [           main] DEBUG ternal.db.DatabaseIntrospector  - Found column "id", data type 4, in table "blog..t_comment"
2020-05-18 12:39:01,699 481    [           main] DEBUG ternal.db.DatabaseIntrospector  - Found column "userIp", data type 12, in table "blog..t_comment"
2020-05-18 12:39:01,699 481    [           main] DEBUG ternal.db.DatabaseIntrospector  - Found column "content", data type 12, in table "blog..t_comment"
2020-05-18 12:39:01,699 481    [           main] DEBUG ternal.db.DatabaseIntrospector  - Found column "commentDate", data type 93, in table "blog..t_comment"
2020-05-18 12:39:01,700 482    [           main] DEBUG ternal.db.DatabaseIntrospector  - Found column "state", data type 4, in table "blog..t_comment"
2020-05-18 12:39:01,700 482    [           main] DEBUG ternal.db.DatabaseIntrospector  - Found column "blog_id", data type 4, in table "blog..t_comment"
2020-05-18 12:39:01,708 490    [           main] DEBUG ternal.db.DatabaseIntrospector  - Retrieving column information for table "t_link"
2020-05-18 12:39:01,717 499    [           main] DEBUG ternal.db.DatabaseIntrospector  - Found column "id", data type 4, in table "blog..t_link"
2020-05-18 12:39:01,718 500    [           main] DEBUG ternal.db.DatabaseIntrospector  - Found column "linkname", data type 12, in table "blog..t_link"
2020-05-18 12:39:01,718 500    [           main] DEBUG ternal.db.DatabaseIntrospector  - Found column "linkurl", data type 12, in table "blog..t_link"
2020-05-18 12:39:01,718 500    [           main] DEBUG ternal.db.DatabaseIntrospector  - Found column "orderNum", data type 4, in table "blog..t_link"
2020-05-18 12:43:53,156 0      [           main] DEBUG s.generator.logging.LogFactory  - Logging initialized using 'org.mybatis.generator.logging.slf4j.Slf4jLoggingLogFactory@1151e434' adapter.
2020-05-18 12:43:53,165 9      [           main] DEBUG ternal.db.DatabaseIntrospector  - Retrieving column information for table "tab_category"
2020-05-18 12:43:53,263 107    [           main] DEBUG ternal.db.DatabaseIntrospector  - Found column "cid", data type 4, in table "db1..tab_category"
2020-05-18 12:43:53,263 107    [           main] DEBUG ternal.db.DatabaseIntrospector  - Found column "cname", data type 12, in table "db1..tab_category"
2020-05-18 12:43:53,265 109    [           main] DEBUG ternal.db.DatabaseIntrospector  - Found column "cid", data type 4, in table "travel..tab_category"
2020-05-18 12:43:53,266 110    [           main] DEBUG ternal.db.DatabaseIntrospector  - Found column "cname", data type 12, in table "travel..tab_category"
2020-05-18 12:43:53,296 140    [           main] DEBUG ternal.db.DatabaseIntrospector  - Retrieving column information for table "tab_favorite"
2020-05-18 12:43:53,305 149    [           main] DEBUG ternal.db.DatabaseIntrospector  - Found column "rid", data type 4, in table "db1..tab_favorite"
2020-05-18 12:43:53,306 150    [           main] DEBUG ternal.db.DatabaseIntrospector  - Found column "date", data type 91, in table "db1..tab_favorite"
2020-05-18 12:43:53,306 150    [           main] DEBUG ternal.db.DatabaseIntrospector  - Found column "uid", data type 4, in table "db1..tab_favorite"
2020-05-18 12:43:53,307 151    [           main] DEBUG ternal.db.DatabaseIntrospector  - Found column "rid", data type 4, in table "travel..tab_favorite"
2020-05-18 12:43:53,307 151    [           main] DEBUG ternal.db.DatabaseIntrospector  - Found column "date", data type 91, in table "travel..tab_favorite"
2020-05-18 12:43:53,308 152    [           main] DEBUG ternal.db.DatabaseIntrospector  - Found column "uid", data type 4, in table "travel..tab_favorite"
2020-05-18 12:43:53,331 175    [           main] DEBUG ternal.db.DatabaseIntrospector  - Retrieving column information for table "tab_route"
2020-05-18 12:43:53,344 188    [           main] DEBUG ternal.db.DatabaseIntrospector  - Found column "rid", data type 4, in table "db1..tab_route"
2020-05-18 12:43:53,345 189    [           main] DEBUG ternal.db.DatabaseIntrospector  - Found column "rname", data type 12, in table "db1..tab_route"
2020-05-18 12:43:53,345 189    [           main] DEBUG ternal.db.DatabaseIntrospector  - Found column "price", data type 8, in table "db1..tab_route"
2020-05-18 12:43:53,346 190    [           main] DEBUG ternal.db.DatabaseIntrospector  - Found column "routeIntroduce", data type 12, in table "db1..tab_route"
2020-05-18 12:43:53,347 191    [           main] DEBUG ternal.db.DatabaseIntrospector  - Found column "rflag", data type 1, in table "db1..tab_route"
2020-05-18 12:43:53,348 192    [           main] DEBUG ternal.db.DatabaseIntrospector  - Found column "rdate", data type 12, in table "db1..tab_route"
2020-05-18 12:43:53,349 193    [           main] DEBUG ternal.db.DatabaseIntrospector  - Found column "isThemeTour", data type 1, in table "db1..tab_route"
2020-05-18 12:43:53,349 193    [           main] DEBUG ternal.db.DatabaseIntrospector  - Found column "count", data type 4, in table "db1..tab_route"
2020-05-18 12:43:53,350 194    [           main] DEBUG ternal.db.DatabaseIntrospector  - Found column "cid", data type 4, in table "db1..tab_route"
2020-05-18 12:43:53,350 194    [           main] DEBUG ternal.db.DatabaseIntrospector  - Found column "rimage", data type 12, in table "db1..tab_route"
2020-05-18 12:43:53,351 195    [           main] DEBUG ternal.db.DatabaseIntrospector  - Found column "sid", data type 4, in table "db1..tab_route"
2020-05-18 12:43:53,352 196    [           main] DEBUG ternal.db.DatabaseIntrospector  - Found column "sourceId", data type 12, in table "db1..tab_route"
2020-05-18 12:43:53,352 196    [           main] DEBUG ternal.db.DatabaseIntrospector  - Found column "rid", data type 4, in table "travel..tab_route"
2020-05-18 12:43:53,353 197    [           main] DEBUG ternal.db.DatabaseIntrospector  - Found column "rname", data type 12, in table "travel..tab_route"
2020-05-18 12:43:53,353 197    [           main] DEBUG ternal.db.DatabaseIntrospector  - Found column "price", data type 8, in table "travel..tab_route"
2020-05-18 12:43:53,354 198    [           main] DEBUG ternal.db.DatabaseIntrospector  - Found column "routeIntroduce", data type 12, in table "travel..tab_route"
2020-05-18 12:43:53,354 198    [           main] DEBUG ternal.db.DatabaseIntrospector  - Found column "rflag", data type 1, in table "travel..tab_route"
2020-05-18 12:43:53,355 199    [           main] DEBUG ternal.db.DatabaseIntrospector  - Found column "rdate", data type 12, in table "travel..tab_route"
2020-05-18 12:43:53,355 199    [           main] DEBUG ternal.db.DatabaseIntrospector  - Found column "isThemeTour", data type 1, in table "travel..tab_route"
2020-05-18 12:43:53,356 200    [           main] DEBUG ternal.db.DatabaseIntrospector  - Found column "count", data type 4, in table "travel..tab_route"
2020-05-18 12:43:53,357 201    [           main] DEBUG ternal.db.DatabaseIntrospector  - Found column "cid", data type 4, in table "travel..tab_route"
2020-05-18 12:43:53,357 201    [           main] DEBUG ternal.db.DatabaseIntrospector  - Found column "rimage", data type 12, in table "travel..tab_route"
2020-05-18 12:43:53,358 202    [           main] DEBUG ternal.db.DatabaseIntrospector  - Found column "sid", data type 4, in table "travel..tab_route"
2020-05-18 12:43:53,358 202    [           main] DEBUG ternal.db.DatabaseIntrospector  - Found column "sourceId", data type 12, in table "travel..tab_route"
2020-05-18 12:43:53,391 235    [           main] DEBUG ternal.db.DatabaseIntrospector  - Retrieving column information for table "tab_route_img"
2020-05-18 12:43:53,413 257    [           main] DEBUG ternal.db.DatabaseIntrospector  - Found column "rgid", data type 4, in table "db1..tab_route_img"
2020-05-18 12:43:53,419 263    [           main] DEBUG ternal.db.DatabaseIntrospector  - Found column "rid", data type 4, in table "db1..tab_route_img"
2020-05-18 12:43:53,419 263    [           main] DEBUG ternal.db.DatabaseIntrospector  - Found column "bigPic", data type 12, in table "db1..tab_route_img"
2020-05-18 12:43:53,424 268    [           main] DEBUG ternal.db.DatabaseIntrospector  - Found column "smallPic", data type 12, in table "db1..tab_route_img"
2020-05-18 12:43:53,424 268    [           main] DEBUG ternal.db.DatabaseIntrospector  - Found column "rgid", data type 4, in table "travel..tab_route_img"
2020-05-18 12:43:53,426 270    [           main] DEBUG ternal.db.DatabaseIntrospector  - Found column "rid", data type 4, in table "travel..tab_route_img"
2020-05-18 12:43:53,427 271    [           main] DEBUG ternal.db.DatabaseIntrospector  - Found column "bigPic", data type 12, in table "travel..tab_route_img"
2020-05-18 12:43:53,429 273    [           main] DEBUG ternal.db.DatabaseIntrospector  - Found column "smallPic", data type 12, in table "travel..tab_route_img"
2020-05-18 12:43:53,458 302    [           main] DEBUG ternal.db.DatabaseIntrospector  - Retrieving column information for table "tab_user"
2020-05-18 12:43:53,473 317    [           main] DEBUG ternal.db.DatabaseIntrospector  - Found column "uid", data type 4, in table "db1..tab_user"
2020-05-18 12:43:53,473 317    [           main] DEBUG ternal.db.DatabaseIntrospector  - Found column "username", data type 12, in table "db1..tab_user"
2020-05-18 12:43:53,474 318    [           main] DEBUG ternal.db.DatabaseIntrospector  - Found column "password", data type 12, in table "db1..tab_user"
2020-05-18 12:43:53,474 318    [           main] DEBUG ternal.db.DatabaseIntrospector  - Found column "name", data type 12, in table "db1..tab_user"
2020-05-18 12:43:53,475 319    [           main] DEBUG ternal.db.DatabaseIntrospector  - Found column "birthday", data type 91, in table "db1..tab_user"
2020-05-18 12:43:53,475 319    [           main] DEBUG ternal.db.DatabaseIntrospector  - Found column "sex", data type 1, in table "db1..tab_user"
2020-05-18 12:43:53,476 320    [           main] DEBUG ternal.db.DatabaseIntrospector  - Found column "telephone", data type 12, in table "db1..tab_user"
2020-05-18 12:43:53,476 320    [           main] DEBUG ternal.db.DatabaseIntrospector  - Found column "email", data type 12, in table "db1..tab_user"
2020-05-18 12:43:53,477 321    [           main] DEBUG ternal.db.DatabaseIntrospector  - Found column "status", data type 1, in table "db1..tab_user"
2020-05-18 12:43:53,478 322    [           main] DEBUG ternal.db.DatabaseIntrospector  - Found column "code", data type 12, in table "db1..tab_user"
2020-05-18 12:43:53,478 322    [           main] DEBUG ternal.db.DatabaseIntrospector  - Found column "uid", data type 4, in table "travel..tab_user"
2020-05-18 12:43:53,479 323    [           main] DEBUG ternal.db.DatabaseIntrospector  - Found column "username", data type 12, in table "travel..tab_user"
2020-05-18 12:43:53,480 324    [           main] DEBUG ternal.db.DatabaseIntrospector  - Found column "password", data type 12, in table "travel..tab_user"
2020-05-18 12:43:53,480 324    [           main] DEBUG ternal.db.DatabaseIntrospector  - Found column "name", data type 12, in table "travel..tab_user"
2020-05-18 12:43:53,481 325    [           main] DEBUG ternal.db.DatabaseIntrospector  - Found column "birthday", data type 91, in table "travel..tab_user"
2020-05-18 12:43:53,481 325    [           main] DEBUG ternal.db.DatabaseIntrospector  - Found column "sex", data type 1, in table "travel..tab_user"
2020-05-18 12:43:53,482 326    [           main] DEBUG ternal.db.DatabaseIntrospector  - Found column "telephone", data type 12, in table "travel..tab_user"
2020-05-18 12:43:53,482 326    [           main] DEBUG ternal.db.DatabaseIntrospector  - Found column "email", data type 12, in table "travel..tab_user"
2020-05-18 12:43:53,483 327    [           main] DEBUG ternal.db.DatabaseIntrospector  - Found column "status", data type 1, in table "travel..tab_user"
2020-05-18 12:43:53,483 327    [           main] DEBUG ternal.db.DatabaseIntrospector  - Found column "code", data type 12, in table "travel..tab_user"
2020-05-18 12:43:53,506 350    [           main] DEBUG ternal.db.DatabaseIntrospector  - Retrieving column information for table "tab_seller"
2020-05-18 12:43:53,517 361    [           main] DEBUG ternal.db.DatabaseIntrospector  - Found column "sid", data type 4, in table "db1..tab_seller"
2020-05-18 12:43:53,518 362    [           main] DEBUG ternal.db.DatabaseIntrospector  - Found column "sname", data type 12, in table "db1..tab_seller"
2020-05-18 12:43:53,518 362    [           main] DEBUG ternal.db.DatabaseIntrospector  - Found column "consphone", data type 12, in table "db1..tab_seller"
2020-05-18 12:43:53,519 363    [           main] DEBUG ternal.db.DatabaseIntrospector  - Found column "address", data type 12, in table "db1..tab_seller"
2020-05-18 12:43:53,519 363    [           main] DEBUG ternal.db.DatabaseIntrospector  - Found column "sid", data type 4, in table "travel..tab_seller"
2020-05-18 12:43:53,520 364    [           main] DEBUG ternal.db.DatabaseIntrospector  - Found column "sname", data type 12, in table "travel..tab_seller"
2020-05-18 12:43:53,520 364    [           main] DEBUG ternal.db.DatabaseIntrospector  - Found column "consphone", data type 12, in table "travel..tab_seller"
2020-05-18 12:43:53,520 364    [           main] DEBUG ternal.db.DatabaseIntrospector  - Found column "address", data type 12, in table "travel..tab_seller"
2020-05-18 12:46:30,886 0      [           main] DEBUG s.generator.logging.LogFactory  - Logging initialized using 'org.mybatis.generator.logging.slf4j.Slf4jLoggingLogFactory@54a7079e' adapter.
2020-05-18 12:46:30,907 21     [           main] DEBUG ternal.db.DatabaseIntrospector  - Retrieving column information for table "tab_category"
2020-05-18 12:46:31,038 152    [           main] DEBUG ternal.db.DatabaseIntrospector  - Found column "cid", data type 4, in table "db1..tab_category"
2020-05-18 12:46:31,039 153    [           main] DEBUG ternal.db.DatabaseIntrospector  - Found column "cname", data type 12, in table "db1..tab_category"
2020-05-18 12:46:31,042 156    [           main] DEBUG ternal.db.DatabaseIntrospector  - Found column "cid", data type 4, in table "travel..tab_category"
2020-05-18 12:46:31,042 156    [           main] DEBUG ternal.db.DatabaseIntrospector  - Found column "cname", data type 12, in table "travel..tab_category"
2020-05-18 12:46:31,175 289    [           main] DEBUG ternal.db.DatabaseIntrospector  - Retrieving column information for table "tab_favorite"
2020-05-18 12:46:31,197 311    [           main] DEBUG ternal.db.DatabaseIntrospector  - Found column "rid", data type 4, in table "db1..tab_favorite"
2020-05-18 12:46:31,198 312    [           main] DEBUG ternal.db.DatabaseIntrospector  - Found column "date", data type 91, in table "db1..tab_favorite"
2020-05-18 12:46:31,198 312    [           main] DEBUG ternal.db.DatabaseIntrospector  - Found column "uid", data type 4, in table "db1..tab_favorite"
2020-05-18 12:46:31,199 313    [           main] DEBUG ternal.db.DatabaseIntrospector  - Found column "rid", data type 4, in table "travel..tab_favorite"
2020-05-18 12:46:31,199 313    [           main] DEBUG ternal.db.DatabaseIntrospector  - Found column "date", data type 91, in table "travel..tab_favorite"
2020-05-18 12:46:31,199 313    [           main] DEBUG ternal.db.DatabaseIntrospector  - Found column "uid", data type 4, in table "travel..tab_favorite"
2020-05-18 12:46:31,228 342    [           main] DEBUG ternal.db.DatabaseIntrospector  - Retrieving column information for table "tab_route"
2020-05-18 12:46:31,245 359    [           main] DEBUG ternal.db.DatabaseIntrospector  - Found column "rid", data type 4, in table "db1..tab_route"
2020-05-18 12:46:31,246 360    [           main] DEBUG ternal.db.DatabaseIntrospector  - Found column "rname", data type 12, in table "db1..tab_route"
2020-05-18 12:46:31,246 360    [           main] DEBUG ternal.db.DatabaseIntrospector  - Found column "price", data type 8, in table "db1..tab_route"
2020-05-18 12:46:31,252 366    [           main] DEBUG ternal.db.DatabaseIntrospector  - Found column "routeIntroduce", data type 12, in table "db1..tab_route"
2020-05-18 12:46:31,253 367    [           main] DEBUG ternal.db.DatabaseIntrospector  - Found column "rflag", data type 1, in table "db1..tab_route"
2020-05-18 12:46:31,255 369    [           main] DEBUG ternal.db.DatabaseIntrospector  - Found column "rdate", data type 12, in table "db1..tab_route"
2020-05-18 12:46:31,256 370    [           main] DEBUG ternal.db.DatabaseIntrospector  - Found column "isThemeTour", data type 1, in table "db1..tab_route"
2020-05-18 12:46:31,257 371    [           main] DEBUG ternal.db.DatabaseIntrospector  - Found column "count", data type 4, in table "db1..tab_route"
2020-05-18 12:46:31,258 372    [           main] DEBUG ternal.db.DatabaseIntrospector  - Found column "cid", data type 4, in table "db1..tab_route"
2020-05-18 12:46:31,259 373    [           main] DEBUG ternal.db.DatabaseIntrospector  - Found column "rimage", data type 12, in table "db1..tab_route"
2020-05-18 12:46:31,259 373    [           main] DEBUG ternal.db.DatabaseIntrospector  - Found column "sid", data type 4, in table "db1..tab_route"
2020-05-18 12:46:31,260 374    [           main] DEBUG ternal.db.DatabaseIntrospector  - Found column "sourceId", data type 12, in table "db1..tab_route"
2020-05-18 12:46:31,262 376    [           main] DEBUG ternal.db.DatabaseIntrospector  - Found column "rid", data type 4, in table "travel..tab_route"
2020-05-18 12:46:31,263 377    [           main] DEBUG ternal.db.DatabaseIntrospector  - Found column "rname", data type 12, in table "travel..tab_route"
2020-05-18 12:46:31,263 377    [           main] DEBUG ternal.db.DatabaseIntrospector  - Found column "price", data type 8, in table "travel..tab_route"
2020-05-18 12:46:31,264 378    [           main] DEBUG ternal.db.DatabaseIntrospector  - Found column "routeIntroduce", data type 12, in table "travel..tab_route"
2020-05-18 12:46:31,265 379    [           main] DEBUG ternal.db.DatabaseIntrospector  - Found column "rflag", data type 1, in table "travel..tab_route"
2020-05-18 12:46:31,266 380    [           main] DEBUG ternal.db.DatabaseIntrospector  - Found column "rdate", data type 12, in table "travel..tab_route"
2020-05-18 12:46:31,266 380    [           main] DEBUG ternal.db.DatabaseIntrospector  - Found column "isThemeTour", data type 1, in table "travel..tab_route"
2020-05-18 12:46:31,268 382    [           main] DEBUG ternal.db.DatabaseIntrospector  - Found column "count", data type 4, in table "travel..tab_route"
2020-05-18 12:46:31,268 382    [           main] DEBUG ternal.db.DatabaseIntrospector  - Found column "cid", data type 4, in table "travel..tab_route"
2020-05-18 12:46:31,269 383    [           main] DEBUG ternal.db.DatabaseIntrospector  - Found column "rimage", data type 12, in table "travel..tab_route"
2020-05-18 12:46:31,270 384    [           main] DEBUG ternal.db.DatabaseIntrospector  - Found column "sid", data type 4, in table "travel..tab_route"
2020-05-18 12:46:31,270 384    [           main] DEBUG ternal.db.DatabaseIntrospector  - Found column "sourceId", data type 12, in table "travel..tab_route"
2020-05-18 12:46:31,289 403    [           main] DEBUG ternal.db.DatabaseIntrospector  - Retrieving column information for table "tab_route_img"
2020-05-18 12:46:31,301 415    [           main] DEBUG ternal.db.DatabaseIntrospector  - Found column "rgid", data type 4, in table "db1..tab_route_img"
2020-05-18 12:46:31,301 415    [           main] DEBUG ternal.db.DatabaseIntrospector  - Found column "rid", data type 4, in table "db1..tab_route_img"
2020-05-18 12:46:31,302 416    [           main] DEBUG ternal.db.DatabaseIntrospector  - Found column "bigPic", data type 12, in table "db1..tab_route_img"
2020-05-18 12:46:31,302 416    [           main] DEBUG ternal.db.DatabaseIntrospector  - Found column "smallPic", data type 12, in table "db1..tab_route_img"
2020-05-18 12:46:31,302 416    [           main] DEBUG ternal.db.DatabaseIntrospector  - Found column "rgid", data type 4, in table "travel..tab_route_img"
2020-05-18 12:46:31,302 416    [           main] DEBUG ternal.db.DatabaseIntrospector  - Found column "rid", data type 4, in table "travel..tab_route_img"
2020-05-18 12:46:31,303 417    [           main] DEBUG ternal.db.DatabaseIntrospector  - Found column "bigPic", data type 12, in table "travel..tab_route_img"
2020-05-18 12:46:31,304 418    [           main] DEBUG ternal.db.DatabaseIntrospector  - Found column "smallPic", data type 12, in table "travel..tab_route_img"
2020-05-18 12:46:31,324 438    [           main] DEBUG ternal.db.DatabaseIntrospector  - Retrieving column information for table "tab_user"
2020-05-18 12:46:31,335 449    [           main] DEBUG ternal.db.DatabaseIntrospector  - Found column "uid", data type 4, in table "db1..tab_user"
2020-05-18 12:46:31,336 450    [           main] DEBUG ternal.db.DatabaseIntrospector  - Found column "username", data type 12, in table "db1..tab_user"
2020-05-18 12:46:31,336 450    [           main] DEBUG ternal.db.DatabaseIntrospector  - Found column "password", data type 12, in table "db1..tab_user"
2020-05-18 12:46:31,337 451    [           main] DEBUG ternal.db.DatabaseIntrospector  - Found column "name", data type 12, in table "db1..tab_user"
2020-05-18 12:46:31,339 453    [           main] DEBUG ternal.db.DatabaseIntrospector  - Found column "birthday", data type 91, in table "db1..tab_user"
2020-05-18 12:46:31,341 455    [           main] DEBUG ternal.db.DatabaseIntrospector  - Found column "sex", data type 1, in table "db1..tab_user"
2020-05-18 12:46:31,342 456    [           main] DEBUG ternal.db.DatabaseIntrospector  - Found column "telephone", data type 12, in table "db1..tab_user"
2020-05-18 12:46:31,343 457    [           main] DEBUG ternal.db.DatabaseIntrospector  - Found column "email", data type 12, in table "db1..tab_user"
2020-05-18 12:46:31,343 457    [           main] DEBUG ternal.db.DatabaseIntrospector  - Found column "status", data type 1, in table "db1..tab_user"
2020-05-18 12:46:31,344 458    [           main] DEBUG ternal.db.DatabaseIntrospector  - Found column "code", data type 12, in table "db1..tab_user"
2020-05-18 12:46:31,344 458    [           main] DEBUG ternal.db.DatabaseIntrospector  - Found column "uid", data type 4, in table "travel..tab_user"
2020-05-18 12:46:31,346 460    [           main] DEBUG ternal.db.DatabaseIntrospector  - Found column "username", data type 12, in table "travel..tab_user"
2020-05-18 12:46:31,346 460    [           main] DEBUG ternal.db.DatabaseIntrospector  - Found column "password", data type 12, in table "travel..tab_user"
2020-05-18 12:46:31,347 461    [           main] DEBUG ternal.db.DatabaseIntrospector  - Found column "name", data type 12, in table "travel..tab_user"
2020-05-18 12:46:31,347 461    [           main] DEBUG ternal.db.DatabaseIntrospector  - Found column "birthday", data type 91, in table "travel..tab_user"
2020-05-18 12:46:31,348 462    [           main] DEBUG ternal.db.DatabaseIntrospector  - Found column "sex", data type 1, in table "travel..tab_user"
2020-05-18 12:46:31,348 462    [           main] DEBUG ternal.db.DatabaseIntrospector  - Found column "telephone", data type 12, in table "travel..tab_user"
2020-05-18 12:46:31,349 463    [           main] DEBUG ternal.db.DatabaseIntrospector  - Found column "email", data type 12, in table "travel..tab_user"
2020-05-18 12:46:31,349 463    [           main] DEBUG ternal.db.DatabaseIntrospector  - Found column "status", data type 1, in table "travel..tab_user"
2020-05-18 12:46:31,350 464    [           main] DEBUG ternal.db.DatabaseIntrospector  - Found column "code", data type 12, in table "travel..tab_user"
2020-05-18 12:46:31,371 485    [           main] DEBUG ternal.db.DatabaseIntrospector  - Retrieving column information for table "tab_seller"
2020-05-18 12:46:31,382 496    [           main] DEBUG ternal.db.DatabaseIntrospector  - Found column "sid", data type 4, in table "db1..tab_seller"
2020-05-18 12:46:31,384 498    [           main] DEBUG ternal.db.DatabaseIntrospector  - Found column "sname", data type 12, in table "db1..tab_seller"
2020-05-18 12:46:31,387 501    [           main] DEBUG ternal.db.DatabaseIntrospector  - Found column "consphone", data type 12, in table "db1..tab_seller"
2020-05-18 12:46:31,394 508    [           main] DEBUG ternal.db.DatabaseIntrospector  - Found column "address", data type 12, in table "db1..tab_seller"
2020-05-18 12:46:31,395 509    [           main] DEBUG ternal.db.DatabaseIntrospector  - Found column "sid", data type 4, in table "travel..tab_seller"
2020-05-18 12:46:31,397 511    [           main] DEBUG ternal.db.DatabaseIntrospector  - Found column "sname", data type 12, in table "travel..tab_seller"
2020-05-18 12:46:31,398 512    [           main] DEBUG ternal.db.DatabaseIntrospector  - Found column "consphone", data type 12, in table "travel..tab_seller"
2020-05-18 12:46:31,400 514    [           main] DEBUG ternal.db.DatabaseIntrospector  - Found column "address", data type 12, in table "travel..tab_seller"
